-- Found ament_cmake: 1.3.3 (/opt/ros/humble/share/ament_cmake/cmake)
-- Found rclcpp: 16.0.3 (/opt/ros/humble/share/rclcpp/cmake)
-- Found rosidl_generator_c: 3.1.4 (/opt/ros/humble/share/rosidl_generator_c/cmake)
-- Found rosidl_adapter: 3.1.4 (/opt/ros/humble/share/rosidl_adapter/cmake)
-- Found rosidl_generator_cpp: 3.1.4 (/opt/ros/humble/share/rosidl_generator_cpp/cmake)
-- Using all available rosidl_typesupport_c: rosidl_typesupport_fastrtps_c;rosidl_typesupport_introspection_c
-- Using all available rosidl_typesupport_cpp: rosidl_typesupport_fastrtps_cpp;rosidl_typesupport_introspection_cpp
-- Found rmw_implementation_cmake: 6.1.1 (/opt/ros/humble/share/rmw_implementation_cmake/cmake)
-- Found rmw_fastrtps_cpp: 6.2.2 (/opt/ros/humble/share/rmw_fastrtps_cpp/cmake)
-- Using RMW implementation 'rmw_fastrtps_cpp' as default
-- Found geometry_msgs: 4.2.3 (/opt/ros/humble/share/geometry_msgs/cmake)
-- Found tf2_ros: 0.25.2 (/opt/ros/humble/share/tf2_ros/cmake)
-- Found nav_msgs: 4.2.3 (/opt/ros/humble/share/nav_msgs/cmake)
-- Found ament_lint_auto: 0.12.5 (/opt/ros/humble/share/ament_lint_auto/cmake)
-- Added test 'cppcheck' to perform static code analysis on C / C++ code
-- Configured cppcheck include dirs: /home/zhangqi/ros2/ros2_pkgs/src/bau_ctrl/include;$<BUILD_INTERFACE:/home/zhangqi/ros2/ros2_pkgs/src/bau_ctrl/include>
-- Configured cppcheck exclude dirs and/or files: 
-- Added test 'flake8' to check Python code syntax and style conventions
-- Added test 'lint_cmake' to check CMake code style
-- Added test 'pep257' to check Python code against some of the docstring style conventions in PEP 257
-- Added test 'uncrustify' to check C / C++ code style
-- Configured uncrustify additional arguments: 
-- Added test 'xmllint' to check XML markup files
-- Configuring done
-- Generating done
-- Build files have been written to: /home/zhangqi/ros2/ros2_pkgs/build/bau_ctrl
[35m[1mConsolidate compiler generated dependencies of target bau_ctrl[0m
gmake[2]: Warning: File '/home/zhangqi/ros2/ros2_pkgs/src/bau_ctrl/src/bau_ctrl.cpp' has modification time 4230265 s in the future
[ 33%] [32mBuilding CXX object CMakeFiles/bau_ctrl.dir/src/bau_ctrl.cpp.o[0m
[ 66%] [32mBuilding CXX object CMakeFiles/bau_ctrl.dir/src/bau_dev.cc.o[0m
In file included from [01m[K/home/zhangqi/ros2/libs/include/ssnp/ssnp_msgs.h:9[m[K,
                 from [01m[K/home/zhangqi/ros2/libs/include/ssnp/ssnp.h:9[m[K,
                 from [01m[K/home/zhangqi/ros2/ros2_pkgs/src/bau_ctrl/include/bau_dev.h:9[m[K,
                 from [01m[K/home/zhangqi/ros2/ros2_pkgs/src/bau_ctrl/src/bau_dev.cc:1[m[K:
[01m[K/home/zhangqi/ros2/libs/include/ssnp/ssnp_msgs_def.h:32:14:[m[K [01;35m[Kwarning: [m[KISO C++ forbids flexible array member ‘[01m[Kreq_str[m[K’ [[01;35m[K-Wpedantic[m[K]
   32 |         char [01;35m[Kreq_str[m[K[];      /**< 请求消息字符串 */
      |              [01;35m[K^~~~~~~[m[K
[01m[K/home/zhangqi/ros2/libs/include/ssnp/ssnp_msgs_def.h:41:14:[m[K [01;35m[Kwarning: [m[KISO C++ forbids flexible array member ‘[01m[Kres_str[m[K’ [[01;35m[K-Wpedantic[m[K]
   41 |         char [01;35m[Kres_str[m[K[];      /**< 响应消息字符串 */
      |              [01;35m[K^~~~~~~[m[K
In file included from [01m[K/home/zhangqi/ros2/libs/include/ssnp/ssnp.h:9[m[K,
                 from [01m[K/home/zhangqi/ros2/ros2_pkgs/src/bau_ctrl/include/bau_dev.h:9[m[K,
                 from [01m[K/home/zhangqi/ros2/ros2_pkgs/src/bau_ctrl/src/bau_dev.cc:1[m[K:
[01m[K/home/zhangqi/ros2/libs/include/ssnp/ssnp_msgs.h:27:17:[m[K [01;35m[Kwarning: [m[KISO C++ forbids flexible array member ‘[01m[Kpayload[m[K’ [[01;35m[K-Wpedantic[m[K]
   27 |         uint8_t [01;35m[Kpayload[m[K[];      /**< 负载数据域 */
      |                 [01;35m[K^~~~~~~[m[K
In file included from [01m[K/home/zhangqi/ros2/libs/include/ssnp/ssnp_msgs.h:9[m[K,
                 from [01m[K/home/zhangqi/ros2/libs/include/ssnp/ssnp.h:9[m[K,
                 from [01m[K/home/zhangqi/ros2/ros2_pkgs/src/bau_ctrl/include/bau_dev.h:9[m[K,
                 from [01m[K/home/zhangqi/ros2/ros2_pkgs/src/bau_ctrl/src/bau_ctrl.cpp:25[m[K:
[01m[K/home/zhangqi/ros2/libs/include/ssnp/ssnp_msgs_def.h:32:14:[m[K [01;35m[Kwarning: [m[KISO C++ forbids flexible array member ‘[01m[Kreq_str[m[K’ [[01;35m[K-Wpedantic[m[K]
   32 |         char [01;35m[Kreq_str[m[K[];      /**< 请求消息字符串 */
      |              [01;35m[K^~~~~~~[m[K
[01m[K/home/zhangqi/ros2/libs/include/ssnp/ssnp_msgs_def.h:41:14:[m[K [01;35m[Kwarning: [m[KISO C++ forbids flexible array member ‘[01m[Kres_str[m[K’ [[01;35m[K-Wpedantic[m[K]
   41 |         char [01;35m[Kres_str[m[K[];      /**< 响应消息字符串 */
      |              [01;35m[K^~~~~~~[m[K
In file included from [01m[K/home/zhangqi/ros2/libs/include/ssnp/ssnp.h:9[m[K,
                 from [01m[K/home/zhangqi/ros2/ros2_pkgs/src/bau_ctrl/include/bau_dev.h:9[m[K,
                 from [01m[K/home/zhangqi/ros2/ros2_pkgs/src/bau_ctrl/src/bau_ctrl.cpp:25[m[K:
[01m[K/home/zhangqi/ros2/libs/include/ssnp/ssnp_msgs.h:27:17:[m[K [01;35m[Kwarning: [m[KISO C++ forbids flexible array member ‘[01m[Kpayload[m[K’ [[01;35m[K-Wpedantic[m[K]
   27 |         uint8_t [01;35m[Kpayload[m[K[];      /**< 负载数据域 */
      |                 [01;35m[K^~~~~~~[m[K
gmake[2]: *** [CMakeFiles/bau_ctrl.dir/build.make:76: CMakeFiles/bau_ctrl.dir/src/bau_ctrl.cpp.o] Interrupt
gmake[1]: *** [CMakeFiles/Makefile2:137: CMakeFiles/bau_ctrl.dir/all] Interrupt
gmake: *** [Makefile:146: all] Interrupt
