[0.153s] Invoking command in '/home/zhangqi/ros2/ros2_pkgs/build/bau_ctrl': CMAKE_PREFIX_PATH=${CMAKE_PREFIX_PATH}:/opt/ros/humble /usr/bin/cmake --build /home/zhangqi/ros2/ros2_pkgs/build/bau_ctrl -- -j4 -l4
[0.279s] -- Found ament_cmake: 1.3.3 (/opt/ros/humble/share/ament_cmake/cmake)
[1.250s] -- Found rclcpp: 16.0.3 (/opt/ros/humble/share/rclcpp/cmake)
[1.458s] -- Found rosidl_generator_c: 3.1.4 (/opt/ros/humble/share/rosidl_generator_c/cmake)
[1.470s] -- Found rosidl_adapter: 3.1.4 (/opt/ros/humble/share/rosidl_adapter/cmake)
[1.500s] -- Found rosidl_generator_cpp: 3.1.4 (/opt/ros/humble/share/rosidl_generator_cpp/cmake)
[1.559s] -- Using all available rosidl_typesupport_c: rosidl_typesupport_fastrtps_c;rosidl_typesupport_introspection_c
[1.639s] -- Using all available rosidl_typesupport_cpp: rosidl_typesupport_fastrtps_cpp;rosidl_typesupport_introspection_cpp
[1.900s] -- Found rmw_implementation_cmake: 6.1.1 (/opt/ros/humble/share/rmw_implementation_cmake/cmake)
[1.909s] -- Found rmw_fastrtps_cpp: 6.2.2 (/opt/ros/humble/share/rmw_fastrtps_cpp/cmake)
[2.893s] -- Using RMW implementation 'rmw_fastrtps_cpp' as default
[3.514s] -- Found geometry_msgs: 4.2.3 (/opt/ros/humble/share/geometry_msgs/cmake)
[3.681s] -- Found tf2_ros: 0.25.2 (/opt/ros/humble/share/tf2_ros/cmake)
[4.957s] -- Found nav_msgs: 4.2.3 (/opt/ros/humble/share/nav_msgs/cmake)
[5.283s] -- Found ament_lint_auto: 0.12.5 (/opt/ros/humble/share/ament_lint_auto/cmake)
[5.653s] -- Added test 'cppcheck' to perform static code analysis on C / C++ code
[5.654s] -- Configured cppcheck include dirs: /home/zhangqi/ros2/ros2_pkgs/src/bau_ctrl/include;$<BUILD_INTERFACE:/home/zhangqi/ros2/ros2_pkgs/src/bau_ctrl/include>
[5.654s] -- Configured cppcheck exclude dirs and/or files: 
[5.656s] -- Added test 'flake8' to check Python code syntax and style conventions
[5.660s] -- Added test 'lint_cmake' to check CMake code style
[5.661s] -- Added test 'pep257' to check Python code against some of the docstring style conventions in PEP 257
[5.669s] -- Added test 'uncrustify' to check C / C++ code style
[5.670s] -- Configured uncrustify additional arguments: 
[5.671s] -- Added test 'xmllint' to check XML markup files
[5.677s] -- Configuring done
[5.760s] -- Generating done
[5.770s] -- Build files have been written to: /home/zhangqi/ros2/ros2_pkgs/build/bau_ctrl
[5.887s] [35m[1mConsolidate compiler generated dependencies of target bau_ctrl[0m
[5.961s] gmake[2]: Warning: File '/home/zhangqi/ros2/ros2_pkgs/src/bau_ctrl/src/bau_ctrl.cpp' has modification time 4230265 s in the future
[6.023s] [ 33%] [32mBuilding CXX object CMakeFiles/bau_ctrl.dir/src/bau_ctrl.cpp.o[0m
[6.046s] [ 66%] [32mBuilding CXX object CMakeFiles/bau_ctrl.dir/src/bau_dev.cc.o[0m
[27.353s] In file included from [01m[K/home/zhangqi/ros2/libs/include/ssnp/ssnp_msgs.h:9[m[K,
[27.355s]                  from [01m[K/home/zhangqi/ros2/libs/include/ssnp/ssnp.h:9[m[K,
[27.356s]                  from [01m[K/home/zhangqi/ros2/ros2_pkgs/src/bau_ctrl/include/bau_dev.h:9[m[K,
[27.357s]                  from [01m[K/home/zhangqi/ros2/ros2_pkgs/src/bau_ctrl/src/bau_dev.cc:1[m[K:
[27.359s] [01m[K/home/zhangqi/ros2/libs/include/ssnp/ssnp_msgs_def.h:32:14:[m[K [01;35m[Kwarning: [m[KISO C++ forbids flexible array member ‘[01m[Kreq_str[m[K’ [[01;35m[K-Wpedantic[m[K]
[27.360s]    32 |         char [01;35m[Kreq_str[m[K[];      /**< 请求消息字符串 */
[27.362s]       |              [01;35m[K^~~~~~~[m[K
[27.363s] [01m[K/home/zhangqi/ros2/libs/include/ssnp/ssnp_msgs_def.h:41:14:[m[K [01;35m[Kwarning: [m[KISO C++ forbids flexible array member ‘[01m[Kres_str[m[K’ [[01;35m[K-Wpedantic[m[K]
[27.365s]    41 |         char [01;35m[Kres_str[m[K[];      /**< 响应消息字符串 */
[27.366s]       |              [01;35m[K^~~~~~~[m[K
[27.368s] In file included from [01m[K/home/zhangqi/ros2/libs/include/ssnp/ssnp.h:9[m[K,
[27.369s]                  from [01m[K/home/zhangqi/ros2/ros2_pkgs/src/bau_ctrl/include/bau_dev.h:9[m[K,
[27.379s]                  from [01m[K/home/zhangqi/ros2/ros2_pkgs/src/bau_ctrl/src/bau_dev.cc:1[m[K:
[27.380s] [01m[K/home/zhangqi/ros2/libs/include/ssnp/ssnp_msgs.h:27:17:[m[K [01;35m[Kwarning: [m[KISO C++ forbids flexible array member ‘[01m[Kpayload[m[K’ [[01;35m[K-Wpedantic[m[K]
[27.381s]    27 |         uint8_t [01;35m[Kpayload[m[K[];      /**< 负载数据域 */
[27.382s]       |                 [01;35m[K^~~~~~~[m[K
[27.740s] In file included from [01m[K/home/zhangqi/ros2/libs/include/ssnp/ssnp_msgs.h:9[m[K,
[27.741s]                  from [01m[K/home/zhangqi/ros2/libs/include/ssnp/ssnp.h:9[m[K,
[27.741s]                  from [01m[K/home/zhangqi/ros2/ros2_pkgs/src/bau_ctrl/include/bau_dev.h:9[m[K,
[27.742s]                  from [01m[K/home/zhangqi/ros2/ros2_pkgs/src/bau_ctrl/src/bau_ctrl.cpp:25[m[K:
[27.744s] [01m[K/home/zhangqi/ros2/libs/include/ssnp/ssnp_msgs_def.h:32:14:[m[K [01;35m[Kwarning: [m[KISO C++ forbids flexible array member ‘[01m[Kreq_str[m[K’ [[01;35m[K-Wpedantic[m[K]
[27.744s]    32 |         char [01;35m[Kreq_str[m[K[];      /**< 请求消息字符串 */
[27.745s]       |              [01;35m[K^~~~~~~[m[K
[27.746s] [01m[K/home/zhangqi/ros2/libs/include/ssnp/ssnp_msgs_def.h:41:14:[m[K [01;35m[Kwarning: [m[KISO C++ forbids flexible array member ‘[01m[Kres_str[m[K’ [[01;35m[K-Wpedantic[m[K]
[27.747s]    41 |         char [01;35m[Kres_str[m[K[];      /**< 响应消息字符串 */
[27.747s]       |              [01;35m[K^~~~~~~[m[K
[27.748s] In file included from [01m[K/home/zhangqi/ros2/libs/include/ssnp/ssnp.h:9[m[K,
[27.749s]                  from [01m[K/home/zhangqi/ros2/ros2_pkgs/src/bau_ctrl/include/bau_dev.h:9[m[K,
[27.750s]                  from [01m[K/home/zhangqi/ros2/ros2_pkgs/src/bau_ctrl/src/bau_ctrl.cpp:25[m[K:
[27.750s] [01m[K/home/zhangqi/ros2/libs/include/ssnp/ssnp_msgs.h:27:17:[m[K [01;35m[Kwarning: [m[KISO C++ forbids flexible array member ‘[01m[Kpayload[m[K’ [[01;35m[K-Wpedantic[m[K]
[27.751s]    27 |         uint8_t [01;35m[Kpayload[m[K[];      /**< 负载数据域 */
[27.764s]       |                 [01;35m[K^~~~~~~[m[K
[50.194s] gmake[2]: *** [CMakeFiles/bau_ctrl.dir/build.make:76: CMakeFiles/bau_ctrl.dir/src/bau_ctrl.cpp.o] Interrupt
[50.196s] gmake[1]: *** [CMakeFiles/Makefile2:137: CMakeFiles/bau_ctrl.dir/all] Interrupt
[50.197s] gmake: *** [Makefile:146: all] Interrupt
[50.580s] Invoked command in '/home/zhangqi/ros2/ros2_pkgs/build/bau_ctrl' returned '-2': CMAKE_PREFIX_PATH=${CMAKE_PREFIX_PATH}:/opt/ros/humble /usr/bin/cmake --build /home/zhangqi/ros2/ros2_pkgs/build/bau_ctrl -- -j4 -l4
