[0.153s] Invoking command in '/home/zhangqi/ros2/ros2_pkgs/build/bau_ctrl': CMAKE_PREFIX_PATH=${CMAKE_PREFIX_PATH}:/opt/ros/humble /usr/bin/cmake --build /home/zhangqi/ros2/ros2_pkgs/build/bau_ctrl -- -j4 -l4
[0.440s] [ 33%] [32mBuilding CXX object CMakeFiles/bau_ctrl.dir/src/bau_ctrl.cpp.o[0m
[11.509s] In file included from [01m[K/home/zhangqi/ros2/libs/include/ssnp/ssnp_msgs.h:9[m[K,
[11.509s]                  from [01m[K/home/zhangqi/ros2/libs/include/ssnp/ssnp.h:9[m[K,
[11.509s]                  from [01m[K/home/zhangqi/ros2/ros2_pkgs/src/bau_ctrl/include/bau_dev.h:9[m[K,
[11.510s]                  from [01m[K/home/zhangqi/ros2/ros2_pkgs/src/bau_ctrl/src/bau_ctrl.cpp:25[m[K:
[11.510s] [01m[K/home/zhangqi/ros2/libs/include/ssnp/ssnp_msgs_def.h:32:14:[m[K [01;35m[Kwarning: [m[KISO C++ forbids flexible array member â€˜[01m[Kreq_str[m[Kâ€™ [[01;35m[K-Wpedantic[m[K]
[11.510s]    32 |         char [01;35m[Kreq_str[m[K[];      /**< è¯·æ±‚æ¶ˆæ¯å­—ç¬¦ä¸² */
[11.511s]       |              [01;35m[K^~~~~~~[m[K
[11.511s] [01m[K/home/zhangqi/ros2/libs/include/ssnp/ssnp_msgs_def.h:41:14:[m[K [01;35m[Kwarning: [m[KISO C++ forbids flexible array member â€˜[01m[Kres_str[m[Kâ€™ [[01;35m[K-Wpedantic[m[K]
[11.511s]    41 |         char [01;35m[Kres_str[m[K[];      /**< å“åº”æ¶ˆæ¯å­—ç¬¦ä¸² */
[11.512s]       |              [01;35m[K^~~~~~~[m[K
[11.512s] In file included from [01m[K/home/zhangqi/ros2/libs/include/ssnp/ssnp.h:9[m[K,
[11.512s]                  from [01m[K/home/zhangqi/ros2/ros2_pkgs/src/bau_ctrl/include/bau_dev.h:9[m[K,
[11.513s]                  from [01m[K/home/zhangqi/ros2/ros2_pkgs/src/bau_ctrl/src/bau_ctrl.cpp:25[m[K:
[11.513s] [01m[K/home/zhangqi/ros2/libs/include/ssnp/ssnp_msgs.h:27:17:[m[K [01;35m[Kwarning: [m[KISO C++ forbids flexible array member â€˜[01m[Kpayload[m[Kâ€™ [[01;35m[K-Wpedantic[m[K]
[11.513s]    27 |         uint8_t [01;35m[Kpayload[m[K[];      /**< è´Ÿè½½æ•°æ®åŸŸ */
[11.514s]       |                 [01;35m[K^~~~~~~[m[K
[11.816s] [01m[K/home/zhangqi/ros2/ros2_pkgs/src/bau_ctrl/src/bau_ctrl.cpp:[m[K In member function â€˜[01m[Kvoid BauCtrl::bau_exec_timer()[m[Kâ€™:
[11.816s] [01m[K/home/zhangqi/ros2/ros2_pkgs/src/bau_ctrl/src/bau_ctrl.cpp:87:31:[m[K [01;31m[Kerror: [m[Kâ€˜[01m[Kusing _header_type = struct std_msgs::msg::Header_<std::allocator<void> >[m[Kâ€™ {aka â€˜[01m[Kstruct std_msgs::msg::Header_<std::allocator<void> >[m[Kâ€™} has no member named â€˜[01m[Kseq[m[Kâ€™
[11.817s]    87 |                 _twist.header.[01;31m[Kseq[m[K = twist_frame_seq++;
[11.818s]       |                               [01;31m[K^~~[m[K
[20.724s] gmake[2]: *** [CMakeFiles/bau_ctrl.dir/build.make:76: CMakeFiles/bau_ctrl.dir/src/bau_ctrl.cpp.o] Error 1
[20.725s] gmake[1]: *** [CMakeFiles/Makefile2:137: CMakeFiles/bau_ctrl.dir/all] Error 2
[20.726s] gmake: *** [Makefile:146: all] Error 2
[20.732s] Invoked command in '/home/zhangqi/ros2/ros2_pkgs/build/bau_ctrl' returned '2': CMAKE_PREFIX_PATH=${CMAKE_PREFIX_PATH}:/opt/ros/humble /usr/bin/cmake --build /home/zhangqi/ros2/ros2_pkgs/build/bau_ctrl -- -j4 -l4
