[ 33%] [32mBuilding CXX object CMakeFiles/bau_ctrl.dir/src/bau_ctrl.cpp.o[0m
In file included from [01m[K/home/zhangqi/ros2/libs/include/ssnp/ssnp_msgs.h:9[m[K,
                 from [01m[K/home/zhangqi/ros2/libs/include/ssnp/ssnp.h:9[m[K,
                 from [01m[K/home/zhangqi/ros2/ros2_pkgs/src/bau_ctrl/include/bau_dev.h:9[m[K,
                 from [01m[K/home/zhangqi/ros2/ros2_pkgs/src/bau_ctrl/src/bau_ctrl.cpp:26[m[K:
[01m[K/home/zhangqi/ros2/libs/include/ssnp/ssnp_msgs_def.h:32:14:[m[K [01;35m[Kwarning: [m[KISO C++ forbids flexible array member â€˜[01m[Kreq_str[m[Kâ€™ [[01;35m[K-Wpedantic[m[K]
   32 |         char [01;35m[Kreq_str[m[K[];      /**< è¯·æ±‚æ¶ˆæ¯å­—ç¬¦ä¸² */
      |              [01;35m[K^~~~~~~[m[K
[01m[K/home/zhangqi/ros2/libs/include/ssnp/ssnp_msgs_def.h:41:14:[m[K [01;35m[Kwarning: [m[KISO C++ forbids flexible array member â€˜[01m[Kres_str[m[Kâ€™ [[01;35m[K-Wpedantic[m[K]
   41 |         char [01;35m[Kres_str[m[K[];      /**< å“åº”æ¶ˆæ¯å­—ç¬¦ä¸² */
      |              [01;35m[K^~~~~~~[m[K
In file included from [01m[K/home/zhangqi/ros2/libs/include/ssnp/ssnp.h:9[m[K,
                 from [01m[K/home/zhangqi/ros2/ros2_pkgs/src/bau_ctrl/include/bau_dev.h:9[m[K,
                 from [01m[K/home/zhangqi/ros2/ros2_pkgs/src/bau_ctrl/src/bau_ctrl.cpp:26[m[K:
[01m[K/home/zhangqi/ros2/libs/include/ssnp/ssnp_msgs.h:27:17:[m[K [01;35m[Kwarning: [m[KISO C++ forbids flexible array member â€˜[01m[Kpayload[m[Kâ€™ [[01;35m[K-Wpedantic[m[K]
   27 |         uint8_t [01;35m[Kpayload[m[K[];      /**< è´Ÿè½½æ•°æ®åŸŸ */
      |                 [01;35m[K^~~~~~~[m[K
[01m[K/home/zhangqi/ros2/ros2_pkgs/src/bau_ctrl/src/bau_ctrl.cpp:[m[K In member function â€˜[01m[Kvoid BauCtrl::bau_exec_timer()[m[Kâ€™:
[01m[K/home/zhangqi/ros2/ros2_pkgs/src/bau_ctrl/src/bau_ctrl.cpp:88:31:[m[K [01;31m[Kerror: [m[Kâ€˜[01m[Kusing _header_type = struct std_msgs::msg::Header_<std::allocator<void> >[m[Kâ€™ {aka â€˜[01m[Kstruct std_msgs::msg::Header_<std::allocator<void> >[m[Kâ€™} has no member named â€˜[01m[Kseq[m[Kâ€™
   88 |                 _twist.header.[01;31m[Kseq[m[K = twist_frame_seq++;
      |                               [01;31m[K^~~[m[K
gmake[2]: *** [CMakeFiles/bau_ctrl.dir/build.make:76: CMakeFiles/bau_ctrl.dir/src/bau_ctrl.cpp.o] Error 1
gmake[1]: *** [CMakeFiles/Makefile2:137: CMakeFiles/bau_ctrl.dir/all] Error 2
gmake: *** [Makefile:146: all] Error 2
